\BOOKMARK [1][-]{section.1}{Introduzione}{}% 1
\BOOKMARK [2][-]{subsection.1.1}{Scopo del documento}{section.1}% 2
\BOOKMARK [2][-]{subsection.1.2}{Capitolato scelto}{section.1}% 3
\BOOKMARK [2][-]{subsection.1.3}{Scopo del prodotto}{section.1}% 4
\BOOKMARK [2][-]{subsection.1.4}{Glossario}{section.1}% 5
\BOOKMARK [2][-]{subsection.1.5}{Riferimenti}{section.1}% 6
\BOOKMARK [3][-]{subsubsection.1.5.1}{Normativi}{subsection.1.5}% 7
\BOOKMARK [3][-]{subsubsection.1.5.2}{Informativi}{subsection.1.5}% 8
\BOOKMARK [1][-]{section.2}{Capitolato C6 - SiVoDim}{}% 9
\BOOKMARK [2][-]{subsection.2.1}{Descrizione}{section.2}% 10
\BOOKMARK [2][-]{subsection.2.2}{Studio del dominio}{section.2}% 11
\BOOKMARK [3][-]{subsubsection.2.2.1}{Dominio applicativo}{subsection.2.2}% 12
\BOOKMARK [3][-]{subsubsection.2.2.2}{Dominio tecnologico}{subsection.2.2}% 13
\BOOKMARK [2][-]{subsection.2.3}{Valutazione del capitolato}{section.2}% 14
\BOOKMARK [3][-]{subsubsection.2.3.1}{Potenziali criticit\340}{subsection.2.3}% 15
\BOOKMARK [3][-]{subsubsection.2.3.2}{Analisi di mercato}{subsection.2.3}% 16
\BOOKMARK [2][-]{subsection.2.4}{Valutazione finale}{section.2}% 17
\BOOKMARK [1][-]{section.3}{Altri capitolati}{}% 18
\BOOKMARK [2][-]{subsection.3.1}{C1 \205 Actorbase: A NoSQL Based on the Actor model}{section.3}% 19
\BOOKMARK [3][-]{subsubsection.3.1.1}{Valutazione Generale}{subsection.3.1}% 20
\BOOKMARK [2][-]{subsection.3.2}{C2 \205 CLIPS: Communication \046 Localisation with Indoor Positioning Systems}{section.3}% 21
\BOOKMARK [3][-]{subsubsection.3.2.1}{Valutazione generale}{subsection.3.2}% 22
\BOOKMARK [3][-]{subsubsection.3.2.2}{Fattori di rischio}{subsection.3.2}% 23
\BOOKMARK [2][-]{subsection.3.3}{C3 \205 UMAP: un motore per l'analisi predittiva in ambiente Internet of Things}{section.3}% 24
\BOOKMARK [3][-]{subsubsection.3.3.1}{Valutazione Generale}{subsection.3.3}% 25
\BOOKMARK [2][-]{subsection.3.4}{C4 \205 MaaS: MongoDB as an admin Service}{section.3}% 26
\BOOKMARK [3][-]{subsubsection.3.4.1}{Valutazione generale}{subsection.3.4}% 27
\BOOKMARK [3][-]{subsubsection.3.4.2}{Fattori di rischio}{subsection.3.4}% 28
\BOOKMARK [2][-]{subsection.3.5}{C5 \205 Qizzipedia: software per la gestione di questionari}{section.3}% 29
\BOOKMARK [3][-]{subsubsection.3.5.1}{Valutazione generale}{subsection.3.5}% 30
