\BOOKMARK [1][-]{section.1}{Introduzione}{}% 1
\BOOKMARK [2][-]{subsection.1.1}{Scopo del documento}{section.1}% 2
\BOOKMARK [2][-]{subsection.1.2}{Scopo del progetto}{section.1}% 3
\BOOKMARK [2][-]{subsection.1.3}{Glossario}{section.1}% 4
\BOOKMARK [2][-]{subsection.1.4}{Riferimenti}{section.1}% 5
\BOOKMARK [3][-]{subsubsection.1.4.1}{Normativi}{subsection.1.4}% 6
\BOOKMARK [3][-]{subsubsection.1.4.2}{Informativi}{subsection.1.4}% 7
\BOOKMARK [1][-]{section.2}{Comunicazione}{}% 8
\BOOKMARK [2][-]{subsection.2.1}{Esterna}{section.2}% 9
\BOOKMARK [2][-]{subsection.2.2}{Interna}{section.2}% 10
\BOOKMARK [2][-]{subsection.2.3}{Composizione e-mail}{section.2}% 11
\BOOKMARK [3][-]{subsubsection.2.3.1}{Destinatario}{subsection.2.3}% 12
\BOOKMARK [2][-]{subsection.2.4}{Mittente}{section.2}% 13
\BOOKMARK [3][-]{subsubsection.2.4.1}{Oggetto}{subsection.2.4}% 14
\BOOKMARK [2][-]{subsection.2.5}{Corpo}{section.2}% 15
\BOOKMARK [2][-]{subsection.2.6}{Allegati}{section.2}% 16
\BOOKMARK [1][-]{section.3}{Riunioni}{}% 17
\BOOKMARK [2][-]{subsection.3.1}{Frequenza}{section.3}% 18
\BOOKMARK [2][-]{subsection.3.2}{Convocazione riunione}{section.3}% 19
\BOOKMARK [3][-]{subsubsection.3.2.1}{Interna}{subsection.3.2}% 20
\BOOKMARK [3][-]{subsubsection.3.2.2}{Esterna}{subsection.3.2}% 21
\BOOKMARK [2][-]{subsection.3.3}{Svolgimento riunione}{section.3}% 22
\BOOKMARK [3][-]{subsubsection.3.3.1}{Esterna}{subsection.3.3}% 23
\BOOKMARK [2][-]{subsection.3.4}{Verbale}{section.3}% 24
\BOOKMARK [3][-]{subsubsection.3.4.1}{Riunione interna}{subsection.3.4}% 25
\BOOKMARK [3][-]{subsubsection.3.4.2}{Riunione esterna}{subsection.3.4}% 26
\BOOKMARK [1][-]{section.4}{Documentazione}{}% 27
\BOOKMARK [2][-]{subsection.4.1}{Template}{section.4}% 28
\BOOKMARK [2][-]{subsection.4.2}{Struttura del documento}{section.4}% 29
\BOOKMARK [3][-]{subsubsection.4.2.1}{Prima pagina}{subsection.4.2}% 30
\BOOKMARK [3][-]{subsubsection.4.2.2}{Registro delle modifiche}{subsection.4.2}% 31
\BOOKMARK [3][-]{subsubsection.4.2.3}{Indici}{subsection.4.2}% 32
\BOOKMARK [3][-]{subsubsection.4.2.4}{Formattazione generale delle pagine}{subsection.4.2}% 33
\BOOKMARK [2][-]{subsection.4.3}{Norme tipografiche}{section.4}% 34
\BOOKMARK [3][-]{subsubsection.4.3.1}{Stile del testo}{subsection.4.3}% 35
\BOOKMARK [3][-]{subsubsection.4.3.2}{Punteggiatura}{subsection.4.3}% 36
\BOOKMARK [3][-]{subsubsection.4.3.3}{Formati}{subsection.4.3}% 37
\BOOKMARK [3][-]{subsubsection.4.3.4}{Composizione del testo}{subsection.4.3}% 38
\BOOKMARK [3][-]{subsubsection.4.3.5}{Sigle}{subsection.4.3}% 39
\BOOKMARK [2][-]{subsection.4.4}{Componenti grafiche}{section.4}% 40
\BOOKMARK [3][-]{subsubsection.4.4.1}{Tabelle}{subsection.4.4}% 41
\BOOKMARK [3][-]{subsubsection.4.4.2}{Immagini}{subsection.4.4}% 42
\BOOKMARK [2][-]{subsection.4.5}{Classificazione dei documenti}{section.4}% 43
\BOOKMARK [3][-]{subsubsection.4.5.1}{Documenti formali}{subsection.4.5}% 44
\BOOKMARK [3][-]{subsubsection.4.5.2}{Documenti informali}{subsection.4.5}% 45
\BOOKMARK [3][-]{subsubsection.4.5.3}{Glossario}{subsection.4.5}% 46
\BOOKMARK [2][-]{subsection.4.6}{Versionamento}{section.4}% 47
